#
# A fatal error has been detected by the Java Runtime Environment:
#
#  SIGSEGV (0xb) at pc=0xf374761d, pid=3976, tid=2944899904
#
# JRE version: 7.0_17-b02
# Java VM: Java HotSpot(TM) Server VM (23.7-b01 mixed mode linux-x86 )
# Problematic frame:
# v  ~BufferBlob::jni_fast_GetLongField
#
# Failed to write core dump. Core dumps have been disabled. To enable core dumping, try "ulimit -c unlimited" before starting Java again
#
# If you would like to submit a bug report, please visit:
#   http://bugreport.sun.com/bugreport/crash.jsp
# The crash happened outside the Java Virtual Machine in native code.
# See problematic frame for where to report the bug.
#

---------------  T H R E A D  ---------------

Current thread (0xaf715400):  JavaThread "AWT-XAWT" daemon [_thread_in_native, id=3995, stack(0xaf829000,0xaf87a000)]

siginfo:si_signo=SIGSEGV: si_errno=0, si_code=1 (SEGV_MAPERR), si_addr=0x00000000

Registers:
EAX=0x00000000, EBX=0xafb4aa40, ECX=0x00000110, EDX=0x00000000
ESP=0xaf878bf8, EBP=0xaf878c38, ESI=0x00000042, EDI=0xaf715528
EIP=0xf374761d, EFLAGS=0x00010246, CR2=0x00000000

Top of Stack: (sp=0xaf878bf8)
0xaf878bf8:   b332be40 afb1d69d af715528 00000000
0xaf878c08:   00000042 f37036fb f37036fb af715528
0xaf878c18:   af878c38 00000000 f71384c4 00010002
0xaf878c28:   00000001 af9fd000 b332be40 00000000
0xaf878c38:   b33288d8 af928e18 b33288d8 00000000
0xaf878c48:   00000000 af878c80 f3703c79 df92c648
0xaf878c58:   af928db9 af9fd000 b3328c98 01600003
0xaf878c68:   af717788 af920338 b33288d8 b3df6c48 

Instructions: (pc=0xf374761d)
0xf37475fd:   00 00 00 56 8b 0d e8 2f 15 f7 f6 c1 01 0f 85 30
0xf374760d:   00 00 00 8b c1 83 e0 01 8b 54 04 0c 8b 74 24 10
0xf374761d:   8b 12 c1 ee 02 8b 04 32 8b 54 32 04 be e8 2f 15
0xf374762d:   f7 33 f2 33 f0 33 f2 33 f0 3b 0e 0f 85 02 00 00 

Register to memory mapping:

EAX=0x00000000 is an unknown value
EBX=0xafb4aa40: <offset 0x49a40> in /opt/jdk1.7.0_17-32bit/jre/lib/i386/xawt/libmawt.so at 0xafb01000
ECX=0x00000110 is an unknown value
EDX=0x00000000 is an unknown value
ESP=0xaf878bf8 is pointing into the stack for thread: 0xaf715400
EBP=0xaf878c38 is pointing into the stack for thread: 0xaf715400
ESI=0x00000042 is an unknown value
EDI=0xaf715528 is an unknown value


Stack: [0xaf829000,0xaf87a000],  sp=0xaf878bf8,  free space=318k
Native frames: (J=compiled Java code, j=interpreted, Vv=VM code, C=native code)
v  ~BufferBlob::jni_fast_GetLongField

Java frames: (J=compiled Java code, j=interpreted, Vv=VM code)
j  sun.awt.X11.XlibWrapper.XFilterEvent(JJ)Z+0
J  sun.awt.X11.XToolkit.run(Z)V
j  sun.awt.X11.XToolkit.run()V+5
j  java.lang.Thread.run()V+11
v  ~StubRoutines::call_stub

---------------  P R O C E S S  ---------------

Java Threads: ( => current thread )
  0xac4ad400 JavaThread "Thread-8" [_thread_blocked, id=4027, stack(0xa9f2c000,0xa9f7d000)]
  0xb32f3c00 JavaThread "Communication Controller Server" daemon [_thread_in_native, id=4022, stack(0xaa070000,0xaa0c1000)]
  0xb3524000 JavaThread "DatagramRouter" daemon [_thread_blocked, id=4020, stack(0xaa0c1000,0xaa112000)]
  0xb3523000 JavaThread "DatagramReader" daemon [_thread_in_native, id=4019, stack(0xaa112000,0xaa163000)]
  0xb3521c00 JavaThread "Controller" [_thread_in_native, id=4018, stack(0xaa163000,0xaa1b4000)]
  0xac4aa000 JavaThread "Thread-4" [_thread_blocked, id=4016, stack(0xaa205000,0xaa256000)]
  0xaf703000 JavaThread "Thread-3" [_thread_blocked, id=4015, stack(0xaa256000,0xaa2a7000)]
  0xb350e000 JavaThread "Thread-1" [_thread_in_native, id=4006, stack(0xabdaf000,0xabe00000)]
  0xac49d400 JavaThread "AWT-EventQueue-0" [_thread_blocked, id=4003, stack(0xabf5e000,0xabfaf000)]
  0xac493400 JavaThread "AWT-Shutdown" [_thread_blocked, id=4002, stack(0xabfaf000,0xac000000)]
=>0xaf715400 JavaThread "AWT-XAWT" daemon [_thread_in_native, id=3995, stack(0xaf829000,0xaf87a000)]
  0xafaef800 JavaThread "Java2D Disposer" daemon [_thread_blocked, id=3994, stack(0xaf87a000,0xaf8cb000)]
  0xb03e8c00 JavaThread "Service Thread" daemon [_thread_blocked, id=3992, stack(0xb002e000,0xb007f000)]
  0xb03e7000 JavaThread "C2 CompilerThread1" daemon [_thread_blocked, id=3991, stack(0xafc7f000,0xafd00000)]
  0xb03e5000 JavaThread "C2 CompilerThread0" daemon [_thread_blocked, id=3990, stack(0xb007f000,0xb0100000)]
  0xb03e3400 JavaThread "Signal Dispatcher" daemon [_thread_blocked, id=3989, stack(0xb022e000,0xb027f000)]
  0xb03a8800 JavaThread "Finalizer" daemon [_thread_blocked, id=3988, stack(0xb041d000,0xb046e000)]
  0xb03a6c00 JavaThread "Reference Handler" daemon [_thread_blocked, id=3987, stack(0xb312e000,0xb317f000)]
  0xf6706800 JavaThread "main" [_thread_blocked, id=3977, stack(0xf68a7000,0xf68f8000)]

Other Threads:
  0xb03a1400 VMThread [stack: 0xb027f000,0xb0300000] [id=3986]
  0xb03eac00 WatcherThread [stack: 0xafbfe000,0xafc7f000] [id=3993]

VM state:not at safepoint (normal execution)

VM Mutex/Monitor currently owned by a thread: None

Heap
 PSYoungGen      total 75776K, used 1626K [0xdf7a0000, 0xe5850000, 0xf3640000)
  eden space 75008K, 2% used [0xdf7a0000,0xdf936a98,0xe40e0000)
  from space 768K, 0% used [0xe5790000,0xe5790000,0xe5850000)
  to   space 7424K, 0% used [0xe49d0000,0xe49d0000,0xe5110000)
 ParOldGen       total 40832K, used 13698K [0xb7a40000, 0xba220000, 0xdf7a0000)
  object space 40832K, 33% used [0xb7a40000,0xb87a0bf8,0xba220000)
 PSPermGen       total 17920K, used 11321K [0xb3a40000, 0xb4bc0000, 0xb7a40000)
  object space 17920K, 63% used [0xb3a40000,0xb454e468,0xb4bc0000)

Card table byte_map: [0xb3841000,0xb3a40000] byte_map_base: 0xb32a3e00

Polling page: 0xf7769000

Code Cache  [0xf3700000, 0xf3940000, 0xf6700000)
 total_blobs=666 nmethods=427 adapters=191 free_code_cache=47990Kb largest_free_block=49110528

Compilation events (10 events):
Event: 503.009 Thread 0xb03e5000  422             java.awt.ComponentOrientation::isLeftToRight (15 bytes)
Event: 503.010 Thread 0xb03e5000 nmethod 422 0xf3812148 code [0xf3812220, 0xf3812270]
Event: 508.033 Thread 0xb03e7000  423   !         javax.swing.JComponent::paintChildren (669 bytes)
Event: 508.160 Thread 0xb03e7000 nmethod 423 0xf3823008 code [0xf3823640, 0xf382625c]
Event: 514.534 Thread 0xb03e5000  424   !         sun.java2d.pipe.AAShapePipe::renderTiles (349 bytes)
Event: 514.579 Thread 0xb03e5000 nmethod 424 0xf38187c8 code [0xf3818aa0, 0xf3819b4c]
Event: 521.563 Thread 0xb03e7000  425             java.awt.EventQueue::getNextEventPrivate (76 bytes)
Event: 521.567 Thread 0xb03e7000 nmethod 425 0xf37c2e88 code [0xf37c2fa0, 0xf37c30fc]
Event: 557.998 Thread 0xb03e5000  426             javax.swing.SwingUtilities::getValidateRoot (98 bytes)
Event: 558.006 Thread 0xb03e5000 nmethod 426 0xf3818148 code [0xf3818280, 0xf3818530]

GC Heap History (10 events):
Event: 9.124 GC heap before
{Heap before GC invocations=10 (full 1):
 PSYoungGen      total 56640K, used 51045K [0xdf7a0000, 0xe3720000, 0xf3640000)
  eden space 48896K, 100% used [0xdf7a0000,0xe2760000,0xe2760000)
  from space 7744K, 27% used [0xe2f90000,0xe31a9570,0xe3720000)
  to   space 8064K, 0% used [0xe2760000,0xe2760000,0xe2f40000)
 ParOldGen       total 40832K, used 15261K [0xb7a40000, 0xba220000, 0xdf7a0000)
  object space 40832K, 37% used [0xb7a40000,0xb8927788,0xba220000)
 PSPermGen       total 16384K, used 11151K [0xb3a40000, 0xb4a40000, 0xb7a40000)
  object space 16384K, 68% used [0xb3a40000,0xb4523eb0,0xb4a40000)
Event: 9.127 GC heap after
Heap after GC invocations=10 (full 1):
 PSYoungGen      total 56960K, used 2443K [0xdf7a0000, 0xe6640000, 0xf3640000)
  eden space 48896K, 0% used [0xdf7a0000,0xdf7a0000,0xe2760000)
  from space 8064K, 30% used [0xe2760000,0xe29c2f50,0xe2f40000)
  to   space 7744K, 0% used [0xe5eb0000,0xe5eb0000,0xe6640000)
 ParOldGen       total 40832K, used 15330K [0xb7a40000, 0xba220000, 0xdf7a0000)
  object space 40832K, 37% used [0xb7a40000,0xb8938950,0xba220000)
 PSPermGen       total 16384K, used 11151K [0xb3a40000, 0xb4a40000, 0xb7a40000)
  object space 16384K, 68% used [0xb3a40000,0xb4523eb0,0xb4a40000)
}
Event: 39.459 GC heap before
{Heap before GC invocations=11 (full 1):
 PSYoungGen      total 56960K, used 51339K [0xdf7a0000, 0xe6640000, 0xf3640000)
  eden space 48896K, 100% used [0xdf7a0000,0xe2760000,0xe2760000)
  from space 8064K, 30% used [0xe2760000,0xe29c2f50,0xe2f40000)
  to   space 7744K, 0% used [0xe5eb0000,0xe5eb0000,0xe6640000)
 ParOldGen       total 40832K, used 15330K [0xb7a40000, 0xba220000, 0xdf7a0000)
  object space 40832K, 37% used [0xb7a40000,0xb8938950,0xba220000)
 PSPermGen       total 16384K, used 11262K [0xb3a40000, 0xb4a40000, 0xb7a40000)
  object space 16384K, 68% used [0xb3a40000,0xb453f9f8,0xb4a40000)
Event: 39.471 GC heap after
Heap after GC invocations=11 (full 1):
 PSYoungGen      total 82560K, used 4267K [0xdf7a0000, 0xe62e0000, 0xf3640000)
  eden space 78272K, 0% used [0xdf7a0000,0xdf7a0000,0xe4410000)
  from space 4288K, 99% used [0xe5eb0000,0xe62dade8,0xe62e0000)
  to   space 7680K, 0% used [0xe53e0000,0xe53e0000,0xe5b60000)
 ParOldGen       total 40832K, used 15872K [0xb7a40000, 0xba220000, 0xdf7a0000)
  object space 40832K, 38% used [0xb7a40000,0xb89c03e0,0xba220000)
 PSPermGen       total 16384K, used 11262K [0xb3a40000, 0xb4a40000, 0xb7a40000)
  object space 16384K, 68% used [0xb3a40000,0xb453f9f8,0xb4a40000)
}
Event: 453.800 GC heap before
{Heap before GC invocations=12 (full 1):
 PSYoungGen      total 82560K, used 82539K [0xdf7a0000, 0xe62e0000, 0xf3640000)
  eden space 78272K, 100% used [0xdf7a0000,0xe4410000,0xe4410000)
  from space 4288K, 99% used [0xe5eb0000,0xe62dade8,0xe62e0000)
  to   space 7680K, 0% used [0xe53e0000,0xe53e0000,0xe5b60000)
 ParOldGen       total 40832K, used 15872K [0xb7a40000, 0xba220000, 0xdf7a0000)
  object space 40832K, 38% used [0xb7a40000,0xb89c03e0,0xba220000)
 PSPermGen       total 16384K, used 11277K [0xb3a40000, 0xb4a40000, 0xb7a40000)
  object space 16384K, 68% used [0xb3a40000,0xb4543540,0xb4a40000)
Event: 453.812 GC heap after
Heap after GC invocations=12 (full 1):
 PSYoungGen      total 77632K, used 2615K [0xdf7a0000, 0xe5ec0000, 0xf3640000)
  eden space 75008K, 0% used [0xdf7a0000,0xdf7a0000,0xe40e0000)
  from space 2624K, 99% used [0xe53e0000,0xe566dcf0,0xe5670000)
  to   space 7360K, 0% used [0xe5790000,0xe5790000,0xe5ec0000)
 ParOldGen       total 40832K, used 17285K [0xb7a40000, 0xba220000, 0xdf7a0000)
  object space 40832K, 42% used [0xb7a40000,0xb8b21528,0xba220000)
 PSPermGen       total 16384K, used 11277K [0xb3a40000, 0xb4a40000, 0xb7a40000)
  object space 16384K, 68% used [0xb3a40000,0xb4543540,0xb4a40000)
}
Event: 776.620 GC heap before
{Heap before GC invocations=13 (full 1):
 PSYoungGen      total 77632K, used 61607K [0xdf7a0000, 0xe5ec0000, 0xf3640000)
  eden space 75008K, 78% used [0xdf7a0000,0xe313c0a0,0xe40e0000)
  from space 2624K, 99% used [0xe53e0000,0xe566dcf0,0xe5670000)
  to   space 7360K, 0% used [0xe5790000,0xe5790000,0xe5ec0000)
 ParOldGen       total 40832K, used 17285K [0xb7a40000, 0xba220000, 0xdf7a0000)
  object space 40832K, 42% used [0xb7a40000,0xb8b21528,0xba220000)
 PSPermGen       total 16384K, used 11316K [0xb3a40000, 0xb4a40000, 0xb7a40000)
  object space 16384K, 69% used [0xb3a40000,0xb454d010,0xb4a40000)
Event: 776.631 GC heap after
Heap after GC invocations=13 (full 1):
 PSYoungGen      total 75776K, used 744K [0xdf7a0000, 0xe5850000, 0xf3640000)
  eden space 75008K, 0% used [0xdf7a0000,0xdf7a0000,0xe40e0000)
  from space 768K, 96% used [0xe5790000,0xe584a020,0xe5850000)
  to   space 7424K, 0% used [0xe49d0000,0xe49d0000,0xe5110000)
 ParOldGen       total 40832K, used 19681K [0xb7a40000, 0xba220000, 0xdf7a0000)
  object space 40832K, 48% used [0xb7a40000,0xb8d78578,0xba220000)
 PSPermGen       total 16384K, used 11316K [0xb3a40000, 0xb4a40000, 0xb7a40000)
  object space 16384K, 69% used [0xb3a40000,0xb454d010,0xb4a40000)
}
Event: 776.631 GC heap before
{Heap before GC invocations=14 (full 2):
 PSYoungGen      total 75776K, used 744K [0xdf7a0000, 0xe5850000, 0xf3640000)
  eden space 75008K, 0% used [0xdf7a0000,0xdf7a0000,0xe40e0000)
  from space 768K, 96% used [0xe5790000,0xe584a020,0xe5850000)
  to   space 7424K, 0% used [0xe49d0000,0xe49d0000,0xe5110000)
 ParOldGen       total 40832K, used 19681K [0xb7a40000, 0xba220000, 0xdf7a0000)
  object space 40832K, 48% used [0xb7a40000,0xb8d78578,0xba220000)
 PSPermGen       total 16384K, used 11316K [0xb3a40000, 0xb4a40000, 0xb7a40000)
  object space 16384K, 69% used [0xb3a40000,0xb454d010,0xb4a40000)
Event: 776.736 GC heap after
Heap after GC invocations=14 (full 2):
 PSYoungGen      total 75776K, used 0K [0xdf7a0000, 0xe5850000, 0xf3640000)
  eden space 75008K, 0% used [0xdf7a0000,0xdf7a0000,0xe40e0000)
  from space 768K, 0% used [0xe5790000,0xe5790000,0xe5850000)
  to   space 7424K, 0% used [0xe49d0000,0xe49d0000,0xe5110000)
 ParOldGen       total 40832K, used 13698K [0xb7a40000, 0xba220000, 0xdf7a0000)
  object space 40832K, 33% used [0xb7a40000,0xb87a0bf8,0xba220000)
 PSPermGen       total 17920K, used 11313K [0xb3a40000, 0xb4bc0000, 0xb7a40000)
  object space 17920K, 63% used [0xb3a40000,0xb454c478,0xb4bc0000)
}

Deoptimization events (10 events):
Event: 776.597 Thread 0xac49d400 Uncommon trap -58 fr.pc 0xf381f258
Event: 776.597 Thread 0xac49d400 Uncommon trap -34 fr.pc 0xf3824784
Event: 776.601 Thread 0xb3395800 Uncommon trap -83 fr.pc 0xf3790d44
Event: 776.602 Thread 0xac49d400 Uncommon trap -83 fr.pc 0xf37f17a0
Event: 776.604 Thread 0xac49d400 Uncommon trap -58 fr.pc 0xf381f258
Event: 776.604 Thread 0xac49d400 Uncommon trap -34 fr.pc 0xf3824784
Event: 776.608 Thread 0xac49d400 Uncommon trap -83 fr.pc 0xf37e7228
Event: 776.609 Thread 0xac49d400 Uncommon trap -83 fr.pc 0xf3818424
Event: 776.609 Thread 0xac49d400 Uncommon trap -83 fr.pc 0xf37d03c0
Event: 776.609 Thread 0xac49d400 Uncommon trap -83 fr.pc 0xf37e69bc

Internal exceptions (10 events):
Event: 2199.740 Thread 0xb3521c00 Threw 0xdf8fd1f0 at /HUDSON/workspace/jdk7u17-2-build-linux-i586-product/jdk7u17/hotspot/src/share/vm/prims/jni.cpp:742
Event: 2205.746 Thread 0xb3521c00 Threw 0xdf8fd440 at /HUDSON/workspace/jdk7u17-2-build-linux-i586-product/jdk7u17/hotspot/src/share/vm/prims/jni.cpp:742
Event: 2211.752 Thread 0xb3521c00 Threw 0xdf8fd690 at /HUDSON/workspace/jdk7u17-2-build-linux-i586-product/jdk7u17/hotspot/src/share/vm/prims/jni.cpp:742
Event: 2217.755 Thread 0xb3521c00 Threw 0xdf8fd8e0 at /HUDSON/workspace/jdk7u17-2-build-linux-i586-product/jdk7u17/hotspot/src/share/vm/prims/jni.cpp:742
Event: 2223.757 Thread 0xb3521c00 Threw 0xdf8fdb30 at /HUDSON/workspace/jdk7u17-2-build-linux-i586-product/jdk7u17/hotspot/src/share/vm/prims/jni.cpp:742
Event: 2229.761 Thread 0xb3521c00 Threw 0xdf8fdd80 at /HUDSON/workspace/jdk7u17-2-build-linux-i586-product/jdk7u17/hotspot/src/share/vm/prims/jni.cpp:742
Event: 2235.768 Thread 0xb3521c00 Threw 0xdf8fdfd0 at /HUDSON/workspace/jdk7u17-2-build-linux-i586-product/jdk7u17/hotspot/src/share/vm/prims/jni.cpp:742
Event: 2241.771 Thread 0xb3521c00 Threw 0xdf8fe220 at /HUDSON/workspace/jdk7u17-2-build-linux-i586-product/jdk7u17/hotspot/src/share/vm/prims/jni.cpp:742
Event: 2247.775 Thread 0xb3521c00 Threw 0xdf8fe470 at /HUDSON/workspace/jdk7u17-2-build-linux-i586-product/jdk7u17/hotspot/src/share/vm/prims/jni.cpp:742
Event: 2253.781 Thread 0xb3521c00 Threw 0xdf8fe6c0 at /HUDSON/workspace/jdk7u17-2-build-linux-i586-product/jdk7u17/hotspot/src/share/vm/prims/jni.cpp:742

Events (10 events):
Event: 776.737 Executing VM operation: RevokeBias done
Event: 779.335 Executing VM operation: RevokeBias
Event: 779.335 Executing VM operation: RevokeBias done
Event: 779.335 Thread 0xb3395000 Thread exited: 0xb3395000
Event: 781.602 Executing VM operation: RevokeBias
Event: 781.602 Executing VM operation: RevokeBias done
Event: 781.602 Thread 0xb3395800 Thread exited: 0xb3395800
Event: 836.592 Thread 0xb3515800 Thread exited: 0xb3515800
Event: 2258.493 loading class 0xaf7169a8
Event: 2258.494 loading class 0xaf7169a8 done


Dynamic libraries:
08048000-08049000 r-xp 00000000 08:12 949392                             /opt/jdk1.7.0_17-32bit/jre/bin/java
08049000-0804a000 rw-p 00000000 08:12 949392                             /opt/jdk1.7.0_17-32bit/jre/bin/java
08c47000-08ca8000 rw-p 00000000 00:00 0                                  [heap]
a9900000-a99fd000 rw-p 00000000 00:00 0 
a99fd000-a9a00000 ---p 00000000 00:00 0 
a9b00000-a9bff000 rw-p 00000000 00:00 0 
a9bff000-a9c00000 ---p 00000000 00:00 0 
a9c16000-a9ce8000 rw-s 00000000 00:04 2654233                            /SYSV00000000 (deleted)
a9d00000-a9e00000 rw-s 00000000 00:04 2719773                            /SYSV00000000 (deleted)
a9e00000-a9ef8000 rw-p 00000000 00:00 0 
a9ef8000-a9f00000 ---p 00000000 00:00 0 
a9f2c000-a9f2f000 ---p 00000000 00:00 0 
a9f2f000-a9f7d000 rw-p 00000000 00:00 0                                  [stack:4027]
a9f7d000-a9f80000 ---p 00000000 00:00 0 
a9f80000-a9fce000 rw-p 00000000 00:00 0                                  [stack:4551]
a9fce000-a9fd1000 ---p 00000000 00:00 0 
a9fd1000-aa01f000 rw-p 00000000 00:00 0                                  [stack:4550]
aa01f000-aa022000 ---p 00000000 00:00 0 
aa022000-aa070000 rw-p 00000000 00:00 0 
aa070000-aa073000 ---p 00000000 00:00 0 
aa073000-aa0c1000 rw-p 00000000 00:00 0                                  [stack:4022]
aa0c1000-aa0c4000 ---p 00000000 00:00 0 
aa0c4000-aa112000 rw-p 00000000 00:00 0                                  [stack:4020]
aa112000-aa115000 ---p 00000000 00:00 0 
aa115000-aa163000 rw-p 00000000 00:00 0                                  [stack:4019]
aa163000-aa166000 ---p 00000000 00:00 0 
aa166000-aa1b4000 rw-p 00000000 00:00 0                                  [stack:4018]
aa1b4000-aa1b7000 ---p 00000000 00:00 0 
aa1b7000-aa205000 rw-p 00000000 00:00 0 
aa205000-aa208000 ---p 00000000 00:00 0 
aa208000-aa256000 rw-p 00000000 00:00 0                                  [stack:4016]
aa256000-aa259000 ---p 00000000 00:00 0 
aa259000-aa2a7000 rw-p 00000000 00:00 0                                  [stack:4015]
aa2a7000-aa2aa000 ---p 00000000 00:00 0 
aa2aa000-aa2f8000 rw-p 00000000 00:00 0 
aa2f8000-aa2fb000 ---p 00000000 00:00 0 
aa2fb000-aa349000 rw-p 00000000 00:00 0 
aa349000-aa34c000 ---p 00000000 00:00 0 
aa34c000-aab9a000 rw-p 00000000 00:00 0                                  [stack:4544]
aab9a000-ab39a000 rw-s 00000000 00:04 2588700                            /SYSV8912682b (deleted)
ab39a000-abb9a000 rw-s 00000000 00:04 2555930                            /SYSV8812682b (deleted)
abc7e000-abc81000 ---p 00000000 00:00 0 
abc81000-abccf000 rw-p 00000000 00:00 0 
abccf000-abd2f000 rw-s 00000000 00:04 2392088                            /SYSV00000000 (deleted)
abd66000-abdaf000 rw-s 00000000 00:04 3506188                            /SYSV00000000 (deleted)
abdaf000-abdb2000 ---p 00000000 00:00 0 
abdb2000-abe00000 rw-p 00000000 00:00 0                                  [stack:4006]
abe00000-abefe000 rw-p 00000000 00:00 0 
abefe000-abf00000 ---p 00000000 00:00 0 
abf0d000-abf10000 ---p 00000000 00:00 0 
abf10000-abf5e000 rw-p 00000000 00:00 0                                  [stack:4549]
abf5e000-abf61000 ---p 00000000 00:00 0 
abf61000-abfaf000 rw-p 00000000 00:00 0                                  [stack:4003]
abfaf000-abfb2000 ---p 00000000 00:00 0 
abfb2000-ac000000 rw-p 00000000 00:00 0                                  [stack:4002]
ac000000-ac0fc000 rw-p 00000000 00:00 0 
ac0fc000-ac100000 ---p 00000000 00:00 0 
ac100000-ac200000 rw-p 00000000 00:00 0 
ac200000-ac2fa000 rw-p 00000000 00:00 0 
ac2fa000-ac300000 ---p 00000000 00:00 0 
ac300000-ac3c9000 rw-p 00000000 00:00 0 
ac3c9000-ac400000 ---p 00000000 00:00 0 
ac400000-ac4b3000 rw-p 00000000 00:00 0 
ac4b3000-ac500000 ---p 00000000 00:00 0 
ac526000-ac54b000 r-xp 00000000 08:12 949918                             /opt/jdk1.7.0_17-32bit/jre/lib/i386/libdcpr.so
ac54b000-ac54e000 rw-p 00024000 08:12 949918                             /opt/jdk1.7.0_17-32bit/jre/lib/i386/libdcpr.so
ac54e000-ac5ae000 r-xp 00000000 08:12 949904                             /opt/jdk1.7.0_17-32bit/jre/lib/i386/libt2k.so
ac5ae000-ac5b2000 rw-p 0005f000 08:12 949904                             /opt/jdk1.7.0_17-32bit/jre/lib/i386/libt2k.so
ac5b2000-ac5b6000 rw-p 00000000 00:00 0 
ac5b6000-ac5b7000 ---p 00000000 00:00 0 
ac5b7000-acdb7000 rw-p 00000000 00:00 0                                  [stack:4007]
acdb7000-acdb8000 ---p 00000000 00:00 0 
acdb8000-ad5b8000 rw-p 00000000 00:00 0 
ad5b8000-ad5b9000 ---p 00000000 00:00 0 
ad5b9000-addb9000 rw-p 00000000 00:00 0                                  [stack:3997]
addb9000-addba000 ---p 00000000 00:00 0 
addba000-ae5ba000 rw-p 00000000 00:00 0                                  [stack:3996]
ae5ba000-ae5cb000 r-xp 00000000 08:12 392497                             /lib/i386-linux-gnu/libudev.so.1.3.5
ae5cb000-ae5cc000 r--p 00010000 08:12 392497                             /lib/i386-linux-gnu/libudev.so.1.3.5
ae5cc000-ae5cd000 rw-p 00011000 08:12 392497                             /lib/i386-linux-gnu/libudev.so.1.3.5
ae5cd000-ae5ff000 r-xp 00000000 08:12 131599                             /usr/lib/i386-linux-gnu/gvfs/libgvfscommon.so
ae5ff000-ae601000 r--p 00032000 08:12 131599                             /usr/lib/i386-linux-gnu/gvfs/libgvfscommon.so
ae601000-ae602000 rw-p 00034000 08:12 131599                             /usr/lib/i386-linux-gnu/gvfs/libgvfscommon.so
ae602000-ae632000 r-xp 00000000 08:12 530138                             /usr/lib/i386-linux-gnu/gio/modules/libgvfsdbus.so
ae632000-ae633000 r--p 0002f000 08:12 530138                             /usr/lib/i386-linux-gnu/gio/modules/libgvfsdbus.so
ae633000-ae634000 rw-p 00030000 08:12 530138                             /usr/lib/i386-linux-gnu/gio/modules/libgvfsdbus.so
ae634000-ae688000 r-xp 00000000 08:12 133374                             /usr/lib/i386-linux-gnu/libibus-1.0.so.5.0.503
ae688000-ae689000 r--p 00054000 08:12 133374                             /usr/lib/i386-linux-gnu/libibus-1.0.so.5.0.503
ae689000-ae68a000 rw-p 00055000 08:12 133374                             /usr/lib/i386-linux-gnu/libibus-1.0.so.5.0.503
ae693000-ae69d000 r--s 00371000 08:12 949877                             /opt/jdk1.7.0_17-32bit/jre/lib/charsets.jar
ae69d000-ae6a0000 ---p 00000000 00:00 0 
ae6a0000-ae6ae000 rw-p 00000000 00:00 0 
ae6ae000-ae700000 r--p 00000000 08:12 666039                             /usr/share/fonts/truetype/dejavu/DejaVuSansMono.ttf
ae700000-ae800000 rw-p 00000000 00:00 0 
ae801000-ae809000 r--s 00050000 08:12 925350                             /opt/WTK2.5.2/wtklib/customjmf.jar
ae809000-ae80c000 r--s 00030000 08:12 925930                             /opt/WTK2.5.2/wtklib/ktools.zip
ae80c000-ae812000 r-xp 00000000 08:12 785943                             /usr/lib/i386-linux-gnu/gtk-2.0/2.10.0/immodules/im-ibus.so
ae812000-ae813000 r--p 00005000 08:12 785943                             /usr/lib/i386-linux-gnu/gtk-2.0/2.10.0/immodules/im-ibus.so
ae813000-ae814000 rw-p 00006000 08:12 785943                             /usr/lib/i386-linux-gnu/gtk-2.0/2.10.0/immodules/im-ibus.so
ae814000-ae86b000 r--p 00000000 08:12 921880                             /usr/share/fonts/truetype/ubuntu-font-family/Ubuntu-R.ttf
ae86b000-ae86c000 r--s 00000000 00:19 14724815                           /home/mike/.cache/fontconfig/c05880de57d1f5e948fdfacc138775d9-le32d4.cache-4
ae86c000-ae874000 r--s 00000000 00:19 14724812                           /home/mike/.cache/fontconfig/945677eb7aeaf62f1d50efc3fb3ec7d8-le32d4.cache-4
ae874000-ae876000 r--s 00000000 00:19 14724811                           /home/mike/.cache/fontconfig/99e8ed0e538f840c565b6ed5dad60d56-le32d4.cache-4
ae876000-ae87a000 r--s 00000000 00:19 14724766                           /home/mike/.cache/fontconfig/2cd17615ca594fa2959ae173292e504c-le32d4.cache-4
ae87a000-ae87b000 r--s 00000000 00:19 14724765                           /home/mike/.cache/fontconfig/e7071f4a29fa870f4323321c154eba04-le32d4.cache-4
ae87b000-ae87c000 r--s 00000000 00:19 14724764                           /home/mike/.cache/fontconfig/0d8c3b2ac0904cb8a57a757ad11a4a08-le32d4.cache-4
ae87c000-ae881000 r--s 00000000 00:19 14724762                           /home/mike/.cache/fontconfig/a755afe4a08bf5b97852ceb7400b47bc-le32d4.cache-4
ae881000-ae88a000 r--s 00000000 00:19 14724761                           /home/mike/.cache/fontconfig/6d41288fd70b0be22e8c3a91e032eec0-le32d4.cache-4
ae88a000-ae899000 r--s 00000000 00:19 14724750                           /home/mike/.cache/fontconfig/04aabc0a78ac019cf9454389977116d2-le32d4.cache-4
ae899000-ae89c000 r--s 00000000 00:19 14724744                           /home/mike/.cache/fontconfig/385c0604a188198f04d133e54aba7fe7-le32d4.cache-4
ae89c000-ae89f000 r--s 00000000 00:19 14724736                           /home/mike/.cache/fontconfig/8801497958630a81b71ace7c5f9b32a8-le32d4.cache-4
ae89f000-ae8a4000 r--s 00000000 00:19 14724735                           /home/mike/.cache/fontconfig/3047814df9a2f067bd2d96a2b9c36e5a-le32d4.cache-4
ae8a4000-ae8a8000 r--s 00000000 00:19 14724731                           /home/mike/.cache/fontconfig/b47c4e1ecd0709278f4910c18777a504-le32d4.cache-4
ae8a8000-ae8b8000 r--s 00000000 00:19 14724730                           /home/mike/.cache/fontconfig/d52a8644073d54c13679302ca1180695-le32d4.cache-4
ae8b8000-ae8bf000 r--s 00000000 00:19 14724728                           /home/mike/.cache/fontconfig/3f7329c5293ffd510edef78f73874cfd-le32d4.cache-4
ae8bf000-ae8c8000 r--s 00000000 00:19 14724727                           /home/mike/.cache/fontconfig/d589a48862398ed80a3d6066f4f56f4c-le32d4.cache-4
ae8c8000-ae8cd000 r--s 00000000 00:19 14708833                           /home/mike/.cache/fontconfig/dd57b9e0489f98791da10fba83b9bdf8-le32d4.cache-4
ae8d2000-ae8d6000 r--s 0008a000 08:12 950165                             /opt/jdk1.7.0_17-32bit/jre/lib/jsse.jar
ae8d6000-ae8da000 r-xp 00000000 08:12 655421                             /usr/lib/i386-linux-gnu/gdk-pixbuf-2.0/2.10.0/loaders/libpixbufloader-png.so
ae8da000-ae8db000 r--p 00003000 08:12 655421                             /usr/lib/i386-linux-gnu/gdk-pixbuf-2.0/2.10.0/loaders/libpixbufloader-png.so
ae8db000-ae8dc000 rw-p 00004000 08:12 655421                             /usr/lib/i386-linux-gnu/gdk-pixbuf-2.0/2.10.0/loaders/libpixbufloader-png.so
ae8dc000-ae8fa000 r--s 00000000 08:12 658313                             /usr/share/mime/mime.cache
ae8fa000-ae8fb000 r--s 00000000 00:19 15335581                           /home/mike/.local/share/mime/mime.cache
ae8fc000-ae906000 r-xp 00000000 08:12 663095                             /opt/WTK2.5.2/bin/sublime.so
ae906000-ae907000 rw-p 0000a000 08:12 663095                             /opt/WTK2.5.2/bin/sublime.so
ae907000-ae90a000 ---p 00000000 00:00 0 
ae90a000-ae958000 rw-p 00000000 00:00 0 
ae958000-ae973000 r-xp 00000000 08:12 392758                             /lib/i386-linux-gnu/libgcc_s.so.1
ae973000-ae974000 r--p 0001a000 08:12 392758                             /lib/i386-linux-gnu/libgcc_s.so.1
ae974000-ae975000 rw-p 0001b000 08:12 392758                             /lib/i386-linux-gnu/libgcc_s.so.1
ae975000-ae9b7000 r-xp 00000000 08:12 949964                             /opt/jdk1.7.0_17-32bit/jre/lib/i386/libfontmanager.so
ae9b7000-ae9ba000 rw-p 00041000 08:12 949964                             /opt/jdk1.7.0_17-32bit/jre/lib/i386/libfontmanager.so
ae9ba000-ae9be000 rw-p 00000000 00:00 0 
ae9be000-ae9c5000 r-xp 00000000 08:12 139980                             /usr/lib/i386-linux-gnu/libogg.so.0.8.1
ae9c5000-ae9c6000 r--p 00006000 08:12 139980                             /usr/lib/i386-linux-gnu/libogg.so.0.8.1
ae9c6000-ae9c7000 rw-p 00007000 08:12 139980                             /usr/lib/i386-linux-gnu/libogg.so.0.8.1
ae9c7000-ae9f0000 r-xp 00000000 08:12 146706                             /usr/lib/i386-linux-gnu/libvorbis.so.0.4.5
ae9f0000-ae9f1000 ---p 00029000 08:12 146706                             /usr/lib/i386-linux-gnu/libvorbis.so.0.4.5
ae9f1000-ae9f2000 r--p 00029000 08:12 146706                             /usr/lib/i386-linux-gnu/libvorbis.so.0.4.5
ae9f2000-ae9f3000 rw-p 0002a000 08:12 146706                             /usr/lib/i386-linux-gnu/libvorbis.so.0.4.5
ae9f3000-ae9fc000 r-xp 00000000 08:12 152396                             /usr/lib/i386-linux-gnu/libltdl.so.7.3.0
ae9fc000-ae9fd000 r--p 00008000 08:12 152396                             /usr/lib/i386-linux-gnu/libltdl.so.7.3.0
ae9fd000-ae9fe000 rw-p 00009000 08:12 152396                             /usr/lib/i386-linux-gnu/libltdl.so.7.3.0
ae9fe000-aea10000 r-xp 00000000 08:12 139942                             /usr/lib/i386-linux-gnu/libtdb.so.1.2.11
aea10000-aea11000 ---p 00012000 08:12 139942                             /usr/lib/i386-linux-gnu/libtdb.so.1.2.11
aea11000-aea12000 r--p 00012000 08:12 139942                             /usr/lib/i386-linux-gnu/libtdb.so.1.2.11
aea12000-aea13000 rw-p 00013000 08:12 139942                             /usr/lib/i386-linux-gnu/libtdb.so.1.2.11
aea13000-aea22000 r-xp 00000000 08:12 154492                             /usr/lib/i386-linux-gnu/libcanberra.so.0.2.5
aea22000-aea23000 r--p 0000e000 08:12 154492                             /usr/lib/i386-linux-gnu/libcanberra.so.0.2.5
aea23000-aea24000 rw-p 0000f000 08:12 154492                             /usr/lib/i386-linux-gnu/libcanberra.so.0.2.5
aea24000-aea32000 r-xp 00000000 08:12 949926                             /opt/jdk1.7.0_17-32bit/jre/lib/i386/libnio.so
aea32000-aea33000 rw-p 0000e000 08:12 949926                             /opt/jdk1.7.0_17-32bit/jre/lib/i386/libnio.so
aea33000-aea47000 r-xp 00000000 08:12 949958                             /opt/jdk1.7.0_17-32bit/jre/lib/i386/libnet.so
aea47000-aea48000 rw-p 00014000 08:12 949958                             /opt/jdk1.7.0_17-32bit/jre/lib/i386/libnet.so
aea48000-aea7d000 r-xp 00000000 08:12 660563                             /usr/lib/i386-linux-gnu/gtk-2.0/2.10.0/engines/libmurrine.so
aea7d000-aea7e000 r--p 00034000 08:12 660563                             /usr/lib/i386-linux-gnu/gtk-2.0/2.10.0/engines/libmurrine.so
aea7e000-aea7f000 rw-p 00035000 08:12 660563                             /usr/lib/i386-linux-gnu/gtk-2.0/2.10.0/engines/libmurrine.so
aea7f000-aea85000 r-xp 00000000 08:12 132123                             /usr/lib/i386-linux-gnu/libdatrie.so.1.2.0
aea85000-aea86000 r--p 00006000 08:12 132123                             /usr/lib/i386-linux-gnu/libdatrie.so.1.2.0
aea86000-aea87000 rw-p 00007000 08:12 132123                             /usr/lib/i386-linux-gnu/libdatrie.so.1.2.0
aea87000-aea9f000 r-xp 00000000 08:12 146486                             /usr/lib/i386-linux-gnu/libgraphite2.so.3.0.1
aea9f000-aeaa0000 ---p 00018000 08:12 146486                             /usr/lib/i386-linux-gnu/libgraphite2.so.3.0.1
aeaa0000-aeaa1000 r--p 00018000 08:12 146486                             /usr/lib/i386-linux-gnu/libgraphite2.so.3.0.1
aeaa1000-aeaa2000 rw-p 00019000 08:12 146486                             /usr/lib/i386-linux-gnu/libgraphite2.so.3.0.1
aeaa2000-aeae1000 r-xp 00000000 08:12 392532                             /lib/i386-linux-gnu/libpcre.so.3.13.1
aeae1000-aeae2000 r--p 0003f000 08:12 392532                             /lib/i386-linux-gnu/libpcre.so.3.13.1
aeae2000-aeae3000 rw-p 00040000 08:12 392532                             /lib/i386-linux-gnu/libpcre.so.3.13.1
aeae3000-aeae8000 r-xp 00000000 08:12 134019                             /usr/lib/i386-linux-gnu/libffi.so.6.0.1
aeae8000-aeae9000 r--p 00005000 08:12 134019                             /usr/lib/i386-linux-gnu/libffi.so.6.0.1
aeae9000-aeaea000 rw-p 00006000 08:12 134019                             /usr/lib/i386-linux-gnu/libffi.so.6.0.1
aeaea000-aeb0f000 r-xp 00000000 08:12 399382                             /lib/i386-linux-gnu/libexpat.so.1.6.0
aeb0f000-aeb10000 ---p 00025000 08:12 399382                             /lib/i386-linux-gnu/libexpat.so.1.6.0
aeb10000-aeb12000 r--p 00025000 08:12 399382                             /lib/i386-linux-gnu/libexpat.so.1.6.0
aeb12000-aeb13000 rw-p 00027000 08:12 399382                             /lib/i386-linux-gnu/libexpat.so.1.6.0
aeb13000-aeb1b000 r-xp 00000000 08:12 132129                             /usr/lib/i386-linux-gnu/libthai.so.0.2.0
aeb1b000-aeb1c000 r--p 00007000 08:12 132129                             /usr/lib/i386-linux-gnu/libthai.so.0.2.0
aeb1c000-aeb1d000 rw-p 00008000 08:12 132129                             /usr/lib/i386-linux-gnu/libthai.so.0.2.0
aeb1d000-aeb6e000 r-xp 00000000 08:12 133660                             /usr/lib/i386-linux-gnu/libharfbuzz.so.0.919.0
aeb6e000-aeb6f000 r--p 00051000 08:12 133660                             /usr/lib/i386-linux-gnu/libharfbuzz.so.0.919.0
aeb6f000-aeb70000 rw-p 00052000 08:12 133660                             /usr/lib/i386-linux-gnu/libharfbuzz.so.0.919.0
aeb70000-aeb83000 r-xp 00000000 08:12 393081                             /lib/i386-linux-gnu/libresolv-2.17.so
aeb83000-aeb84000 r--p 00013000 08:12 393081                             /lib/i386-linux-gnu/libresolv-2.17.so
aeb84000-aeb85000 rw-p 00014000 08:12 393081                             /lib/i386-linux-gnu/libresolv-2.17.so
aeb85000-aeb87000 rw-p 00000000 00:00 0 
aeb87000-aeba7000 r-xp 00000000 08:12 439233                             /lib/i386-linux-gnu/libselinux.so.1
aeba7000-aeba8000 r--p 0001f000 08:12 439233                             /lib/i386-linux-gnu/libselinux.so.1
aeba8000-aeba9000 rw-p 00020000 08:12 439233                             /lib/i386-linux-gnu/libselinux.so.1
aeba9000-aebc1000 r-xp 00000000 08:12 393103                             /lib/i386-linux-gnu/libz.so.1.2.8
aebc1000-aebc2000 r--p 00017000 08:12 393103                             /lib/i386-linux-gnu/libz.so.1.2.8
aebc2000-aebc3000 rw-p 00018000 08:12 393103                             /lib/i386-linux-gnu/libz.so.1.2.8
aebc3000-aebcb000 r-xp 00000000 08:12 140476                             /usr/lib/i386-linux-gnu/libxcb-render.so.0.0.0
aebcb000-aebcc000 r--p 00008000 08:12 140476                             /usr/lib/i386-linux-gnu/libxcb-render.so.0.0.0
aebcc000-aebcd000 rw-p 00009000 08:12 140476                             /usr/lib/i386-linux-gnu/libxcb-render.so.0.0.0
aebcd000-aebcf000 r-xp 00000000 08:12 154295                             /usr/lib/i386-linux-gnu/libxcb-shm.so.0.0.0
aebcf000-aebd0000 r--p 00001000 08:12 154295                             /usr/lib/i386-linux-gnu/libxcb-shm.so.0.0.0
aebd0000-aebd1000 rw-p 00002000 08:12 154295                             /usr/lib/i386-linux-gnu/libxcb-shm.so.0.0.0
aebd1000-aebf7000 r-xp 00000000 08:12 393111                             /lib/i386-linux-gnu/libpng12.so.0.49.0
aebf7000-aebf8000 r--p 00025000 08:12 393111                             /lib/i386-linux-gnu/libpng12.so.0.49.0
aebf8000-aebf9000 rw-p 00026000 08:12 393111                             /lib/i386-linux-gnu/libpng12.so.0.49.0
aebf9000-aec9d000 r-xp 00000000 08:12 137994                             /usr/lib/i386-linux-gnu/libpixman-1.so.0.30.2
aec9d000-aeca2000 r--p 000a4000 08:12 137994                             /usr/lib/i386-linux-gnu/libpixman-1.so.0.30.2
aeca2000-aeca3000 rw-p 000a9000 08:12 137994                             /usr/lib/i386-linux-gnu/libpixman-1.so.0.30.2
aeca3000-aed3d000 r-xp 00000000 08:12 146635                             /usr/lib/i386-linux-gnu/libfreetype.so.6.10.1
aed3d000-aed41000 r--p 00099000 08:12 146635                             /usr/lib/i386-linux-gnu/libfreetype.so.6.10.1
aed41000-aed42000 rw-p 0009d000 08:12 146635                             /usr/lib/i386-linux-gnu/libfreetype.so.6.10.1
aed42000-aed44000 r-xp 00000000 08:12 138245                             /usr/lib/i386-linux-gnu/libXdamage.so.1.1.0
aed44000-aed45000 r--p 00001000 08:12 138245                             /usr/lib/i386-linux-gnu/libXdamage.so.1.1.0
aed45000-aed46000 rw-p 00002000 08:12 138245                             /usr/lib/i386-linux-gnu/libXdamage.so.1.1.0
aed46000-aed4f000 r-xp 00000000 08:12 138335                             /usr/lib/i386-linux-gnu/libXrandr.so.2.2.0
aed4f000-aed50000 r--p 00008000 08:12 138335                             /usr/lib/i386-linux-gnu/libXrandr.so.2.2.0
aed50000-aed51000 rw-p 00009000 08:12 138335                             /usr/lib/i386-linux-gnu/libXrandr.so.2.2.0
aed51000-aee53000 r-xp 00000000 08:12 396801                             /lib/i386-linux-gnu/libglib-2.0.so.0.3800.1
aee53000-aee54000 r--p 00101000 08:12 396801                             /lib/i386-linux-gnu/libglib-2.0.so.0.3800.1
aee54000-aee55000 rw-p 00102000 08:12 396801                             /lib/i386-linux-gnu/libglib-2.0.so.0.3800.1
aee55000-aeea5000 r-xp 00000000 08:12 132570                             /usr/lib/i386-linux-gnu/libgobject-2.0.so.0.3800.1
aeea5000-aeea6000 r--p 0004f000 08:12 132570                             /usr/lib/i386-linux-gnu/libgobject-2.0.so.0.3800.1
aeea6000-aeea7000 rw-p 00050000 08:12 132570                             /usr/lib/i386-linux-gnu/libgobject-2.0.so.0.3800.1
aeea7000-aeedf000 r-xp 00000000 08:12 149026                             /usr/lib/i386-linux-gnu/libfontconfig.so.1.7.0
aeedf000-aeee0000 r--p 00038000 08:12 149026                             /usr/lib/i386-linux-gnu/libfontconfig.so.1.7.0
aeee0000-aeee1000 rw-p 00039000 08:12 149026                             /usr/lib/i386-linux-gnu/libfontconfig.so.1.7.0
aeee1000-aef2b000 r-xp 00000000 08:12 135081                             /usr/lib/i386-linux-gnu/libpango-1.0.so.0.3200.5
aef2b000-aef2c000 ---p 0004a000 08:12 135081                             /usr/lib/i386-linux-gnu/libpango-1.0.so.0.3200.5
aef2c000-aef2d000 r--p 0004a000 08:12 135081                             /usr/lib/i386-linux-gnu/libpango-1.0.so.0.3200.5
aef2d000-aef2e000 rw-p 0004b000 08:12 135081                             /usr/lib/i386-linux-gnu/libpango-1.0.so.0.3200.5
aef2e000-af09a000 r-xp 00000000 08:12 132713                             /usr/lib/i386-linux-gnu/libgio-2.0.so.0.3800.1
af09a000-af09b000 ---p 0016c000 08:12 132713                             /usr/lib/i386-linux-gnu/libgio-2.0.so.0.3800.1
af09b000-af09d000 r--p 0016c000 08:12 132713                             /usr/lib/i386-linux-gnu/libgio-2.0.so.0.3800.1
af09d000-af09e000 rw-p 0016e000 08:12 132713                             /usr/lib/i386-linux-gnu/libgio-2.0.so.0.3800.1
af09e000-af09f000 rw-p 00000000 00:00 0 
af09f000-af0c0000 r-xp 00000000 08:12 131753                             /usr/lib/i386-linux-gnu/libgdk_pixbuf-2.0.so.0.2800.1
af0c0000-af0c1000 r--p 00020000 08:12 131753                             /usr/lib/i386-linux-gnu/libgdk_pixbuf-2.0.so.0.2800.1
af0c1000-af0c2000 rw-p 00021000 08:12 131753                             /usr/lib/i386-linux-gnu/libgdk_pixbuf-2.0.so.0.2800.1
af0c2000-af1df000 r-xp 00000000 08:12 149034                             /usr/lib/i386-linux-gnu/libcairo.so.2.11200.16
af1df000-af1e1000 r--p 0011d000 08:12 149034                             /usr/lib/i386-linux-gnu/libcairo.so.2.11200.16
af1e1000-af1e2000 rw-p 0011f000 08:12 149034                             /usr/lib/i386-linux-gnu/libcairo.so.2.11200.16
af1e2000-af1e3000 rw-p 00000000 00:00 0 
af1e3000-af28e000 r-xp 00000000 08:12 131458                             /usr/lib/i386-linux-gnu/libgdk-x11-2.0.so.0.2400.20
af28e000-af290000 r--p 000ab000 08:12 131458                             /usr/lib/i386-linux-gnu/libgdk-x11-2.0.so.0.2400.20
af290000-af291000 rw-p 000ad000 08:12 131458                             /usr/lib/i386-linux-gnu/libgdk-x11-2.0.so.0.2400.20
af291000-af6f8000 r-xp 00000000 08:12 149172                             /usr/lib/i386-linux-gnu/libgtk-x11-2.0.so.0.2400.20
af6f8000-af6fc000 r--p 00466000 08:12 149172                             /usr/lib/i386-linux-gnu/libgtk-x11-2.0.so.0.2400.20
af6fc000-af6fe000 rw-p 0046a000 08:12 149172                             /usr/lib/i386-linux-gnu/libgtk-x11-2.0.so.0.2400.20
af6fe000-af700000 rw-p 00000000 00:00 0 
af700000-af800000 rw-p 00000000 00:00 0 
af800000-af802000 r-xp 00000000 08:12 137921                             /usr/lib/i386-linux-gnu/libXcomposite.so.1.0.0
af802000-af803000 r--p 00001000 08:12 137921                             /usr/lib/i386-linux-gnu/libXcomposite.so.1.0.0
af803000-af804000 rw-p 00002000 08:12 137921                             /usr/lib/i386-linux-gnu/libXcomposite.so.1.0.0
af804000-af806000 r-xp 00000000 08:12 138330                             /usr/lib/i386-linux-gnu/libXinerama.so.1.0.0
af806000-af807000 r--p 00001000 08:12 138330                             /usr/lib/i386-linux-gnu/libXinerama.so.1.0.0
af807000-af808000 rw-p 00002000 08:12 138330                             /usr/lib/i386-linux-gnu/libXinerama.so.1.0.0
af808000-af826000 r-xp 00000000 08:12 134958                             /usr/lib/i386-linux-gnu/libatk-1.0.so.0.21009.1
af826000-af828000 r--p 0001d000 08:12 134958                             /usr/lib/i386-linux-gnu/libatk-1.0.so.0.21009.1
af828000-af829000 rw-p 0001f000 08:12 134958                             /usr/lib/i386-linux-gnu/libatk-1.0.so.0.21009.1
af829000-af82c000 ---p 00000000 00:00 0 
af82c000-af87a000 rw-p 00000000 00:00 0                                  [stack:3995]
af87a000-af87d000 ---p 00000000 00:00 0 
af87d000-af8cb000 rw-p 00000000 00:00 0                                  [stack:3994]
af8cb000-af9fb000 r-xp 00000000 08:12 141822                             /usr/lib/i386-linux-gnu/libX11.so.6.3.0
af9fb000-af9fc000 ---p 00130000 08:12 141822                             /usr/lib/i386-linux-gnu/libX11.so.6.3.0
af9fc000-af9fd000 r--p 00130000 08:12 141822                             /usr/lib/i386-linux-gnu/libX11.so.6.3.0
af9fd000-af9ff000 rw-p 00131000 08:12 141822                             /usr/lib/i386-linux-gnu/libX11.so.6.3.0
af9ff000-afa00000 rw-p 00000000 00:00 0 
afa00000-afb00000 rw-p 00000000 00:00 0 
afb00000-afb01000 r--s 00000000 00:19 14724746                           /home/mike/.cache/fontconfig/1ac9eb803944fde146138c791f5cc56a-le32d4.cache-4
afb01000-afb4a000 r-xp 00000000 08:12 949935                             /opt/jdk1.7.0_17-32bit/jre/lib/i386/xawt/libmawt.so
afb4a000-afb4d000 rw-p 00048000 08:12 949935                             /opt/jdk1.7.0_17-32bit/jre/lib/i386/xawt/libmawt.so
afb4d000-afbd3000 r-xp 00000000 08:12 949951                             /opt/jdk1.7.0_17-32bit/jre/lib/i386/libawt.so
afbd3000-afbda000 rw-p 00086000 08:12 949951                             /opt/jdk1.7.0_17-32bit/jre/lib/i386/libawt.so
afbda000-afbfe000 rw-p 00000000 00:00 0 
afbfe000-afbff000 ---p 00000000 00:00 0 
afbff000-afc7f000 rw-p 00000000 00:00 0                                  [stack:3993]
afc7f000-afc82000 ---p 00000000 00:00 0 
afc82000-afd00000 rw-p 00000000 00:00 0                                  [stack:3991]
afd00000-aff00000 r--p 00000000 08:12 132244                             /usr/lib/locale/locale-archive
aff00000-aff21000 rw-p 00000000 00:00 0 
aff21000-b0000000 ---p 00000000 00:00 0 
b0000000-b0001000 r--s 00000000 00:19 14724740                           /home/mike/.cache/fontconfig/dc05db6664285cc2f12bf69c139ae4c3-le32d4.cache-4
b0001000-b0014000 r-xp 00000000 08:12 141221                             /usr/lib/i386-linux-gnu/libpangoft2-1.0.so.0.3200.5
b0014000-b0015000 r--p 00013000 08:12 141221                             /usr/lib/i386-linux-gnu/libpangoft2-1.0.so.0.3200.5
b0015000-b0016000 rw-p 00014000 08:12 141221                             /usr/lib/i386-linux-gnu/libpangoft2-1.0.so.0.3200.5
b0016000-b0021000 r-xp 00000000 08:12 140535                             /usr/lib/i386-linux-gnu/libpangocairo-1.0.so.0.3200.5
b0021000-b0022000 r--p 0000a000 08:12 140535                             /usr/lib/i386-linux-gnu/libpangocairo-1.0.so.0.3200.5
b0022000-b0023000 rw-p 0000b000 08:12 140535                             /usr/lib/i386-linux-gnu/libpangocairo-1.0.so.0.3200.5
b0023000-b0026000 r-xp 00000000 08:12 132568                             /usr/lib/i386-linux-gnu/libgmodule-2.0.so.0.3800.1
b0026000-b0027000 r--p 00002000 08:12 132568                             /usr/lib/i386-linux-gnu/libgmodule-2.0.so.0.3800.1
b0027000-b0028000 rw-p 00003000 08:12 132568                             /usr/lib/i386-linux-gnu/libgmodule-2.0.so.0.3800.1
b0028000-b002c000 r-xp 00000000 08:12 130879                             /usr/lib/i386-linux-gnu/libXfixes.so.3.1.0
b002c000-b002d000 r--p 00003000 08:12 130879                             /usr/lib/i386-linux-gnu/libXfixes.so.3.1.0
b002d000-b002e000 rw-p 00004000 08:12 130879                             /usr/lib/i386-linux-gnu/libXfixes.so.3.1.0
b002e000-b0031000 ---p 00000000 00:00 0 
b0031000-b007f000 rw-p 00000000 00:00 0                                  [stack:3992]
b007f000-b0082000 ---p 00000000 00:00 0 
b0082000-b0100000 rw-p 00000000 00:00 0                                  [stack:3990]
b0100000-b01ff000 rw-p 00000000 00:00 0 
b01ff000-b0200000 ---p 00000000 00:00 0 
b0200000-b0202000 r--s 00000000 00:19 14724739                           /home/mike/.cache/fontconfig/767a8244fc0220cfb567a839d0392e0b-le32d4.cache-4
b0202000-b020b000 r-xp 00000000 08:12 138241                             /usr/lib/i386-linux-gnu/libXcursor.so.1.0.2
b020b000-b020c000 r--p 00008000 08:12 138241                             /usr/lib/i386-linux-gnu/libXcursor.so.1.0.2
b020c000-b020d000 rw-p 00009000 08:12 138241                             /usr/lib/i386-linux-gnu/libXcursor.so.1.0.2
b020d000-b022c000 r-xp 00000000 08:12 139582                             /usr/lib/i386-linux-gnu/libxcb.so.1.1.0
b022c000-b022d000 r--p 0001f000 08:12 139582                             /usr/lib/i386-linux-gnu/libxcb.so.1.1.0
b022d000-b022e000 rw-p 00020000 08:12 139582                             /usr/lib/i386-linux-gnu/libxcb.so.1.1.0
b022e000-b0231000 ---p 00000000 00:00 0 
b0231000-b027f000 rw-p 00000000 00:00 0                                  [stack:3989]
b027f000-b0280000 ---p 00000000 00:00 0 
b0280000-b0300000 rw-p 00000000 00:00 0                                  [stack:3986]
b0300000-b03fd000 rw-p 00000000 00:00 0 
b03fd000-b0400000 ---p 00000000 00:00 0 
b0400000-b0401000 r--s 00000000 00:19 14709298                           /home/mike/.cache/fontconfig/4794a0821666d79190d59a36cb4f44b5-le32d4.cache-4
b0401000-b0410000 r-xp 00000000 08:12 138460                             /usr/lib/i386-linux-gnu/libXi.so.6.1.0
b0410000-b0411000 r--p 0000e000 08:12 138460                             /usr/lib/i386-linux-gnu/libXi.so.6.1.0
b0411000-b0412000 rw-p 0000f000 08:12 138460                             /usr/lib/i386-linux-gnu/libXi.so.6.1.0
b0412000-b041b000 r-xp 00000000 08:12 138167                             /usr/lib/i386-linux-gnu/libXrender.so.1.3.0
b041b000-b041c000 r--p 00008000 08:12 138167                             /usr/lib/i386-linux-gnu/libXrender.so.1.3.0
b041c000-b041d000 rw-p 00009000 08:12 138167                             /usr/lib/i386-linux-gnu/libXrender.so.1.3.0
b041d000-b0420000 ---p 00000000 00:00 0 
b0420000-b046e000 rw-p 00000000 00:00 0                                  [stack:3988]
b046e000-b062a000 r--s 039dc000 08:12 950031                             /opt/jdk1.7.0_17-32bit/jre/lib/rt.jar
b062a000-b3000000 rw-p 00000000 00:00 0 
b3000000-b30f2000 rw-p 00000000 00:00 0 
b30f2000-b3100000 ---p 00000000 00:00 0 
b3100000-b3103000 r--s 00000000 00:19 14724659                           /home/mike/.cache/fontconfig/7ef2298fde41cc6eeb7af42e48b7d293-le32d4.cache-4
b3103000-b3108000 r-xp 00000000 08:12 146677                             /usr/lib/i386-linux-gnu/libXdmcp.so.6.0.0
b3108000-b3109000 r--p 00004000 08:12 146677                             /usr/lib/i386-linux-gnu/libXdmcp.so.6.0.0
b3109000-b310a000 rw-p 00005000 08:12 146677                             /usr/lib/i386-linux-gnu/libXdmcp.so.6.0.0
b310a000-b310b000 r--s 00000000 00:19 14724734                           /home/mike/.cache/fontconfig/56cf4f4769d0f4abc89a4895d7bd3ae1-le32d4.cache-4
b310b000-b310c000 r--s 00000000 00:19 14724732                           /home/mike/.cache/fontconfig/b9d506c9ac06c20b433354fa67a72993-le32d4.cache-4
b310c000-b3114000 r-xp 00000000 08:12 154490                             /usr/lib/i386-linux-gnu/libvorbisfile.so.3.3.4
b3114000-b3115000 r--p 00007000 08:12 154490                             /usr/lib/i386-linux-gnu/libvorbisfile.so.3.3.4
b3115000-b3116000 rw-p 00008000 08:12 154490                             /usr/lib/i386-linux-gnu/libvorbisfile.so.3.3.4
b3116000-b311a000 r-xp 00000000 08:12 154506                             /usr/lib/i386-linux-gnu/libcanberra-gtk.so.0.1.9
b311a000-b311b000 r--p 00003000 08:12 154506                             /usr/lib/i386-linux-gnu/libcanberra-gtk.so.0.1.9
b311b000-b311c000 rw-p 00004000 08:12 154506                             /usr/lib/i386-linux-gnu/libcanberra-gtk.so.0.1.9
b311c000-b3121000 r-xp 00000000 08:12 660598                             /usr/lib/i386-linux-gnu/gtk-2.0/modules/libcanberra-gtk-module.so
b3121000-b3122000 r--p 00004000 08:12 660598                             /usr/lib/i386-linux-gnu/gtk-2.0/modules/libcanberra-gtk-module.so
b3122000-b3123000 rw-p 00005000 08:12 660598                             /usr/lib/i386-linux-gnu/gtk-2.0/modules/libcanberra-gtk-module.so
b3123000-b312c000 r-xp 00000000 08:12 658384                             /usr/lib/i386-linux-gnu/gtk-2.0/2.10.0/engines/libpixmap.so
b312c000-b312d000 r--p 00008000 08:12 658384                             /usr/lib/i386-linux-gnu/gtk-2.0/2.10.0/engines/libpixmap.so
b312d000-b312e000 rw-p 00009000 08:12 658384                             /usr/lib/i386-linux-gnu/gtk-2.0/2.10.0/engines/libpixmap.so
b312e000-b3131000 ---p 00000000 00:00 0 
b3131000-b317f000 rw-p 00000000 00:00 0                                  [stack:3987]
b317f000-b3180000 ---p 00000000 00:00 0 
b3180000-b3200000 rw-p 00000000 00:00 0                                  [stack:3983]
b3200000-b3300000 rw-p 00000000 00:00 0 
b3300000-b33ad000 rw-p 00000000 00:00 0 
b33ad000-b3400000 ---p 00000000 00:00 0 
b3400000-b3401000 r-xp 00000000 08:12 132674                             /usr/lib/i386-linux-gnu/libgthread-2.0.so.0.3800.1
b3401000-b3402000 r--p 00000000 08:12 132674                             /usr/lib/i386-linux-gnu/libgthread-2.0.so.0.3800.1
b3402000-b3403000 rw-p 00001000 08:12 132674                             /usr/lib/i386-linux-gnu/libgthread-2.0.so.0.3800.1
b3403000-b3405000 r-xp 00000000 08:12 135776                             /usr/lib/i386-linux-gnu/libXau.so.6.0.0
b3405000-b3406000 r--p 00001000 08:12 135776                             /usr/lib/i386-linux-gnu/libXau.so.6.0.0
b3406000-b3407000 rw-p 00002000 08:12 135776                             /usr/lib/i386-linux-gnu/libXau.so.6.0.0
b3407000-b3418000 r-xp 00000000 08:12 138435                             /usr/lib/i386-linux-gnu/libXext.so.6.4.0
b3418000-b3419000 r--p 00010000 08:12 138435                             /usr/lib/i386-linux-gnu/libXext.so.6.4.0
b3419000-b341a000 rw-p 00011000 08:12 138435                             /usr/lib/i386-linux-gnu/libXext.so.6.4.0
b341a000-b3434000 r--s 0015a000 08:12 925349                             /opt/WTK2.5.2/wtklib/kvem.jar
b3434000-b347f000 rw-p 00000000 00:00 0 
b347f000-b3480000 ---p 00000000 00:00 0 
b3480000-b3500000 rw-p 00000000 00:00 0                                  [stack:3982]
b3500000-b3537000 rw-p 00000000 00:00 0 
b3537000-b3600000 ---p 00000000 00:00 0 
b3600000-b3601000 ---p 00000000 00:00 0 
b3601000-b3681000 rw-p 00000000 00:00 0                                  [stack:3981]
b3681000-b3682000 ---p 00000000 00:00 0 
b3682000-b3716000 rw-p 00000000 00:00 0                                  [stack:3980]
b3716000-b3841000 rw-p 00000000 00:00 0 
b3841000-b384a000 rw-p 00000000 00:00 0 
b384a000-b3861000 rw-p 00000000 00:00 0 
b3861000-b3875000 rw-p 00000000 00:00 0 
b3875000-b399f000 rw-p 00000000 00:00 0 
b399f000-b39d1000 rw-p 00000000 00:00 0 
b39d1000-b39d7000 ---p 00000000 00:00 0 
b39d7000-b3a3f000 rw-p 00000000 00:00 0 
b3a3f000-b4bc0000 rw-p 00000000 00:00 0 
b4bc0000-b7a40000 rw-p 00000000 00:00 0 
b7a40000-ba220000 rw-p 00000000 00:00 0 
ba220000-df7a0000 rw-p 00000000 00:00 0 
df7a0000-e5850000 rw-p 00000000 00:00 0 
e5850000-e6640000 ---p 00000000 00:00 0 
e6640000-f3640000 rw-p 00000000 00:00 0 
f3640000-f3649000 rw-p 00000000 00:00 0 
f3649000-f3700000 rw-p 00000000 00:00 0 
f3700000-f3940000 rwxp 00000000 00:00 0 
f3940000-f67fa000 rw-p 00000000 00:00 0 
f67fa000-f6800000 ---p 00000000 00:00 0 
f6800000-f6801000 r--s 00000000 00:19 14724726                           /home/mike/.cache/fontconfig/0c9eb80ebd1c36541ebe2852d3bb0c49-le32d4.cache-4
f6801000-f6806000 r-xp 00000000 08:12 152381                             /usr/lib/i386-linux-gnu/libXtst.so.6.1.0
f6806000-f6807000 r--p 00004000 08:12 152381                             /usr/lib/i386-linux-gnu/libXtst.so.6.1.0
f6807000-f6808000 rw-p 00005000 08:12 152381                             /usr/lib/i386-linux-gnu/libXtst.so.6.1.0
f6808000-f6810000 r--s 0005d000 08:12 925337                             /opt/WTK2.5.2/wtklib/kenv.zip
f6810000-f6819000 rw-p 00000000 00:00 0 
f6819000-f6830000 rw-p 00000000 00:00 0 
f6830000-f683b000 r-xp 00000000 08:12 393110                             /lib/i386-linux-gnu/libnss_files-2.17.so
f683b000-f683c000 r--p 0000a000 08:12 393110                             /lib/i386-linux-gnu/libnss_files-2.17.so
f683c000-f683d000 rw-p 0000b000 08:12 393110                             /lib/i386-linux-gnu/libnss_files-2.17.so
f683d000-f6852000 r-xp 00000000 08:12 393055                             /lib/i386-linux-gnu/libnsl-2.17.so
f6852000-f6853000 r--p 00014000 08:12 393055                             /lib/i386-linux-gnu/libnsl-2.17.so
f6853000-f6854000 rw-p 00015000 08:12 393055                             /lib/i386-linux-gnu/libnsl-2.17.so
f6854000-f6856000 rw-p 00000000 00:00 0 
f6856000-f6858000 r--s 00000000 00:19 14724680                           /home/mike/.cache/fontconfig/e13b20fdb08344e0e664864cc2ede53d-le32d4.cache-4
f6858000-f685a000 r--s 00009000 08:12 925352                             /opt/WTK2.5.2/wtklib/lime.jar
f685a000-f6871000 r-xp 00000000 08:12 949945                             /opt/jdk1.7.0_17-32bit/jre/lib/i386/libzip.so
f6871000-f6872000 rw-p 00017000 08:12 949945                             /opt/jdk1.7.0_17-32bit/jre/lib/i386/libzip.so
f6872000-f687a000 rw-s 00000000 08:12 288808                             /tmp/hsperfdata_mike/3976
f687a000-f689d000 r-xp 00000000 08:12 949910                             /opt/jdk1.7.0_17-32bit/jre/lib/i386/libjava.so
f689d000-f689e000 rw-p 00023000 08:12 949910                             /opt/jdk1.7.0_17-32bit/jre/lib/i386/libjava.so
f689e000-f68a5000 r-xp 00000000 08:12 393043                             /lib/i386-linux-gnu/librt-2.17.so
f68a5000-f68a6000 r--p 00006000 08:12 393043                             /lib/i386-linux-gnu/librt-2.17.so
f68a6000-f68a7000 rw-p 00007000 08:12 393043                             /lib/i386-linux-gnu/librt-2.17.so
f68a7000-f68aa000 ---p 00000000 00:00 0 
f68aa000-f68f8000 rw-p 00000000 00:00 0                                  [stack:3977]
f68f8000-f6939000 r-xp 00000000 08:12 393098                             /lib/i386-linux-gnu/libm-2.17.so
f6939000-f693a000 r--p 00040000 08:12 393098                             /lib/i386-linux-gnu/libm-2.17.so
f693a000-f693b000 rw-p 00041000 08:12 393098                             /lib/i386-linux-gnu/libm-2.17.so
f693b000-f70f4000 r-xp 00000000 08:12 949908                             /opt/jdk1.7.0_17-32bit/jre/lib/i386/server/libjvm.so
f70f4000-f7146000 rw-p 007b9000 08:12 949908                             /opt/jdk1.7.0_17-32bit/jre/lib/i386/server/libjvm.so
f7146000-f7569000 rw-p 00000000 00:00 0 
f7569000-f7717000 r-xp 00000000 08:12 393086                             /lib/i386-linux-gnu/libc-2.17.so
f7717000-f7719000 r--p 001ae000 08:12 393086                             /lib/i386-linux-gnu/libc-2.17.so
f7719000-f771a000 rw-p 001b0000 08:12 393086                             /lib/i386-linux-gnu/libc-2.17.so
f771a000-f771d000 rw-p 00000000 00:00 0 
f771d000-f7720000 r-xp 00000000 08:12 393088                             /lib/i386-linux-gnu/libdl-2.17.so
f7720000-f7721000 r--p 00002000 08:12 393088                             /lib/i386-linux-gnu/libdl-2.17.so
f7721000-f7722000 rw-p 00003000 08:12 393088                             /lib/i386-linux-gnu/libdl-2.17.so
f7722000-f7723000 rw-p 00000000 00:00 0 
f7723000-f7736000 r-xp 00000000 08:12 949943                             /opt/jdk1.7.0_17-32bit/jre/lib/i386/jli/libjli.so
f7736000-f7737000 rw-p 00012000 08:12 949943                             /opt/jdk1.7.0_17-32bit/jre/lib/i386/jli/libjli.so
f7737000-f774e000 r-xp 00000000 08:12 393096                             /lib/i386-linux-gnu/libpthread-2.17.so
f774e000-f774f000 r--p 00016000 08:12 393096                             /lib/i386-linux-gnu/libpthread-2.17.so
f774f000-f7750000 rw-p 00017000 08:12 393096                             /lib/i386-linux-gnu/libpthread-2.17.so
f7750000-f7752000 rw-p 00000000 00:00 0 
f7752000-f7753000 r--p 002c5000 08:12 132244                             /usr/lib/locale/locale-archive
f7753000-f775d000 r-xp 00000000 08:12 393102                             /lib/i386-linux-gnu/libnss_nis-2.17.so
f775d000-f775e000 r--p 00009000 08:12 393102                             /lib/i386-linux-gnu/libnss_nis-2.17.so
f775e000-f775f000 rw-p 0000a000 08:12 393102                             /lib/i386-linux-gnu/libnss_nis-2.17.so
f775f000-f7766000 r-xp 00000000 08:12 393092                             /lib/i386-linux-gnu/libnss_compat-2.17.so
f7766000-f7767000 r--p 00006000 08:12 393092                             /lib/i386-linux-gnu/libnss_compat-2.17.so
f7767000-f7768000 rw-p 00007000 08:12 393092                             /lib/i386-linux-gnu/libnss_compat-2.17.so
f7768000-f7769000 rw-p 00000000 00:00 0 
f7769000-f776a000 r--p 00000000 00:00 0 
f776a000-f7775000 r-xp 00000000 08:12 949967                             /opt/jdk1.7.0_17-32bit/jre/lib/i386/libverify.so
f7775000-f7776000 rw-p 0000b000 08:12 949967                             /opt/jdk1.7.0_17-32bit/jre/lib/i386/libverify.so
f7776000-f7778000 rw-p 00000000 00:00 0 
f7778000-f7779000 r-xp 00000000 00:00 0                                  [vdso]
f7779000-f7799000 r-xp 00000000 08:12 393069                             /lib/i386-linux-gnu/ld-2.17.so
f7799000-f779a000 r--p 0001f000 08:12 393069                             /lib/i386-linux-gnu/ld-2.17.so
f779a000-f779b000 rw-p 00020000 08:12 393069                             /lib/i386-linux-gnu/ld-2.17.so
ff836000-ff858000 rw-p 00000000 00:00 0                                  [stack]

VM Arguments:
jvm_args: -Ddebug.com.sun.kvem.environment.JVM=NONE -Dkvem.home=/opt/WTK2.5.2/ -Djava.library.path=/opt/WTK2.5.2/bin 
java_command: com.sun.kvem.environment.JVM /tmp/J2MEWTK1105841256296679090.properties com.sun.kvem.environment.EmulatorInvoker com.sun.kvem.midp.MIDP -Dcom.ustadmobile.packagedir=newPackage -descriptor /home/mike/workspace/exe-toughramobile/iteexe/exe/webui/templates/UstadMobile.jad -classpath /home/mike/workspace/exe-toughramobile/iteexe/exe/webui/templates/UstadMobile.jar
Launcher Type: SUN_STANDARD

Environment Variables:
JAVA_HOME=/opt/jdk
PATH=/opt/jdk/bin:/opt/ant/bin:/opt/maven/bin:/home/mike/bin:/usr/lib/lightdm/lightdm:/usr/local/sbin:/usr/local/bin:/usr/sbin:/usr/bin:/sbin:/bin:/usr/games:/usr/local/games
SHELL=/bin/bash
DISPLAY=:0

Signal Handlers:
SIGSEGV: [libjvm.so+0x720f90], sa_mask[0]=0x7ffbfeff, sa_flags=0x10000004
SIGBUS: [libjvm.so+0x720f90], sa_mask[0]=0x7ffbfeff, sa_flags=0x10000004
SIGFPE: [libjvm.so+0x5d9de0], sa_mask[0]=0x7ffbfeff, sa_flags=0x10000004
SIGPIPE: SIG_IGN, sa_mask[0]=0x00001000, sa_flags=0x10000000
SIGXFSZ: [libjvm.so+0x5d9de0], sa_mask[0]=0x7ffbfeff, sa_flags=0x10000004
SIGILL: [libjvm.so+0x5d9de0], sa_mask[0]=0x7ffbfeff, sa_flags=0x10000004
SIGUSR1: SIG_DFL, sa_mask[0]=0x00000000, sa_flags=0x00000000
SIGUSR2: [libjvm.so+0x5d96c0], sa_mask[0]=0x00000004, sa_flags=0x10000004
SIGHUP: [libjvm.so+0x5dbcb0], sa_mask[0]=0x7ffbfeff, sa_flags=0x10000004
SIGINT: [libjvm.so+0x5dbcb0], sa_mask[0]=0x7ffbfeff, sa_flags=0x10000004
SIGTERM: [libjvm.so+0x5dbcb0], sa_mask[0]=0x7ffbfeff, sa_flags=0x10000004
SIGQUIT: [libjvm.so+0x5dbcb0], sa_mask[0]=0x7ffbfeff, sa_flags=0x10000004


---------------  S Y S T E M  ---------------

OS:wheezy/sid

uname:Linux 3.11.0-15-generic #25-Ubuntu SMP Thu Jan 30 17:22:01 UTC 2014 x86_64
libc:glibc 2.17 NPTL 2.17 
rlimit: STACK 8192k, CORE 0k, NPROC 28841, NOFILE 4096, AS infinity
load average:1.21 1.15 1.01

/proc/meminfo:
MemTotal:        3912104 kB
MemFree:         2257084 kB
Buffers:           82852 kB
Cached:          1064252 kB
SwapCached:           20 kB
Active:           670792 kB
Inactive:         726524 kB
Active(anon):     180036 kB
Inactive(anon):   225888 kB
Active(file):     490756 kB
Inactive(file):   500636 kB
Unevictable:          80 kB
Mlocked:              80 kB
SwapTotal:       3906556 kB
SwapFree:        3906388 kB
Dirty:               308 kB
Writeback:             0 kB
AnonPages:        250156 kB
Mapped:           114884 kB
Shmem:            155564 kB
Slab:             196168 kB
SReclaimable:     109588 kB
SUnreclaim:        86580 kB
KernelStack:        2840 kB
PageTables:         8888 kB
NFS_Unstable:          0 kB
Bounce:                0 kB
WritebackTmp:          0 kB
CommitLimit:     5862608 kB
Committed_AS:    1571128 kB
VmallocTotal:   34359738367 kB
VmallocUsed:      430556 kB
VmallocChunk:   34359301084 kB
HardwareCorrupted:     0 kB
AnonHugePages:         0 kB
HugePages_Total:       0
HugePages_Free:        0
HugePages_Rsvd:        0
HugePages_Surp:        0
Hugepagesize:       2048 kB
DirectMap4k:       86832 kB
DirectMap2M:     4055040 kB


CPU:total 4 (2 cores per cpu, 2 threads per core) family 6 model 58 stepping 9, cmov, cx8, fxsr, mmx, sse, sse2, sse3, ssse3, sse4.1, sse4.2, popcnt, avx, ht, tsc, tscinvbit, tscinv

/proc/cpuinfo:
processor	: 0
vendor_id	: GenuineIntel
cpu family	: 6
model		: 58
model name	: Intel(R) Core(TM) i3-3217U CPU @ 1.80GHz
stepping	: 9
microcode	: 0x15
cpu MHz		: 800.000
cache size	: 3072 KB
physical id	: 0
siblings	: 4
core id		: 0
cpu cores	: 2
apicid		: 0
initial apicid	: 0
fpu		: yes
fpu_exception	: yes
cpuid level	: 13
wp		: yes
flags		: fpu vme de pse tsc msr pae mce cx8 apic sep mtrr pge mca cmov pat pse36 clflush dts acpi mmx fxsr sse sse2 ss ht tm pbe syscall nx rdtscp lm constant_tsc arch_perfmon pebs bts rep_good nopl xtopology nonstop_tsc aperfmperf eagerfpu pni pclmulqdq dtes64 monitor ds_cpl vmx est tm2 ssse3 cx16 xtpr pdcm pcid sse4_1 sse4_2 x2apic popcnt tsc_deadline_timer xsave avx f16c lahf_lm ida arat epb xsaveopt pln pts dtherm tpr_shadow vnmi flexpriority ept vpid fsgsbase smep erms
bogomips	: 3591.82
clflush size	: 64
cache_alignment	: 64
address sizes	: 36 bits physical, 48 bits virtual
power management:

processor	: 1
vendor_id	: GenuineIntel
cpu family	: 6
model		: 58
model name	: Intel(R) Core(TM) i3-3217U CPU @ 1.80GHz
stepping	: 9
microcode	: 0x15
cpu MHz		: 800.000
cache size	: 3072 KB
physical id	: 0
siblings	: 4
core id		: 1
cpu cores	: 2
apicid		: 2
initial apicid	: 2
fpu		: yes
fpu_exception	: yes
cpuid level	: 13
wp		: yes
flags		: fpu vme de pse tsc msr pae mce cx8 apic sep mtrr pge mca cmov pat pse36 clflush dts acpi mmx fxsr sse sse2 ss ht tm pbe syscall nx rdtscp lm constant_tsc arch_perfmon pebs bts rep_good nopl xtopology nonstop_tsc aperfmperf eagerfpu pni pclmulqdq dtes64 monitor ds_cpl vmx est tm2 ssse3 cx16 xtpr pdcm pcid sse4_1 sse4_2 x2apic popcnt tsc_deadline_timer xsave avx f16c lahf_lm ida arat epb xsaveopt pln pts dtherm tpr_shadow vnmi flexpriority ept vpid fsgsbase smep erms
bogomips	: 3591.82
clflush size	: 64
cache_alignment	: 64
address sizes	: 36 bits physical, 48 bits virtual
power management:

processor	: 2
vendor_id	: GenuineIntel
cpu family	: 6
model		: 58
model name	: Intel(R) Core(TM) i3-3217U CPU @ 1.80GHz
stepping	: 9
microcode	: 0x15
cpu MHz		: 1801.000
cache size	: 3072 KB
physical id	: 0
siblings	: 4
core id		: 0
cpu cores	: 2
apicid		: 1
initial apicid	: 1
fpu		: yes
fpu_exception	: yes
cpuid level	: 13
wp		: yes
flags		: fpu vme de pse tsc msr pae mce cx8 apic sep mtrr pge mca cmov pat pse36 clflush dts acpi mmx fxsr sse sse2 ss ht tm pbe syscall nx rdtscp lm constant_tsc arch_perfmon pebs bts rep_good nopl xtopology nonstop_tsc aperfmperf eagerfpu pni pclmulqdq dtes64 monitor ds_cpl vmx est tm2 ssse3 cx16 xtpr pdcm pcid sse4_1 sse4_2 x2apic popcnt tsc_deadline_timer xsave avx f16c lahf_lm ida arat epb xsaveopt pln pts dtherm tpr_shadow vnmi flexpriority ept vpid fsgsbase smep erms
bogomips	: 3591.82
clflush size	: 64
cache_alignment	: 64
address sizes	: 36 bits physical, 48 bits virtual
power management:

processor	: 3
vendor_id	: GenuineIntel
cpu family	: 6
model		: 58
model name	: Intel(R) Core(TM) i3-3217U CPU @ 1.80GHz
stepping	: 9
microcode	: 0x15
cpu MHz		: 1801.000
cache size	: 3072 KB
physical id	: 0
siblings	: 4
core id		: 1
cpu cores	: 2
apicid		: 3
initial apicid	: 3
fpu		: yes
fpu_exception	: yes
cpuid level	: 13
wp		: yes
flags		: fpu vme de pse tsc msr pae mce cx8 apic sep mtrr pge mca cmov pat pse36 clflush dts acpi mmx fxsr sse sse2 ss ht tm pbe syscall nx rdtscp lm constant_tsc arch_perfmon pebs bts rep_good nopl xtopology nonstop_tsc aperfmperf eagerfpu pni pclmulqdq dtes64 monitor ds_cpl vmx est tm2 ssse3 cx16 xtpr pdcm pcid sse4_1 sse4_2 x2apic popcnt tsc_deadline_timer xsave avx f16c lahf_lm ida arat epb xsaveopt pln pts dtherm tpr_shadow vnmi flexpriority ept vpid fsgsbase smep erms
bogomips	: 3591.82
clflush size	: 64
cache_alignment	: 64
address sizes	: 36 bits physical, 48 bits virtual
power management:



Memory: 4k page, physical 3912104k(2257084k free), swap 3906556k(3906388k free)

vm_info: Java HotSpot(TM) Server VM (23.7-b01) for linux-x86 JRE (1.7.0_17-b02), built on Mar  1 2013 03:07:01 by "java_re" with gcc 4.3.0 20080428 (Red Hat 4.3.0-8)

time: Tue Feb 18 10:05:20 2014
elapsed time: 2258 seconds

